

Started GET "/" for ::1 at 2015-09-22 16:53:50 -0400

ActiveRecord::PendingMigrationError (

Migrations are pending. To resolve this issue, run:

	bin/rake db:migrate RAILS_ENV=development

):
  activerecord (4.2.4) lib/active_record/migration.rb:392:in `check_pending!'
  activerecord (4.2.4) lib/active_record/migration.rb:373:in `call'
  actionpack (4.2.4) lib/action_dispatch/middleware/callbacks.rb:29:in `block in call'
  activesupport (4.2.4) lib/active_support/callbacks.rb:88:in `__run_callbacks__'
  activesupport (4.2.4) lib/active_support/callbacks.rb:778:in `_run_call_callbacks'
  activesupport (4.2.4) lib/active_support/callbacks.rb:81:in `run_callbacks'
  actionpack (4.2.4) lib/action_dispatch/middleware/callbacks.rb:27:in `call'
  actionpack (4.2.4) lib/action_dispatch/middleware/reloader.rb:73:in `call'
  actionpack (4.2.4) lib/action_dispatch/middleware/remote_ip.rb:78:in `call'
  actionpack (4.2.4) lib/action_dispatch/middleware/debug_exceptions.rb:17:in `call'
  web-console (2.2.1) lib/web_console/middleware.rb:39:in `call'
  actionpack (4.2.4) lib/action_dispatch/middleware/show_exceptions.rb:30:in `call'
  railties (4.2.4) lib/rails/rack/logger.rb:38:in `call_app'
  railties (4.2.4) lib/rails/rack/logger.rb:20:in `block in call'
  activesupport (4.2.4) lib/active_support/tagged_logging.rb:68:in `block in tagged'
  activesupport (4.2.4) lib/active_support/tagged_logging.rb:26:in `tagged'
  activesupport (4.2.4) lib/active_support/tagged_logging.rb:68:in `tagged'
  railties (4.2.4) lib/rails/rack/logger.rb:20:in `call'
  actionpack (4.2.4) lib/action_dispatch/middleware/request_id.rb:21:in `call'
  rack (1.6.4) lib/rack/methodoverride.rb:22:in `call'
  rack (1.6.4) lib/rack/runtime.rb:18:in `call'
  activesupport (4.2.4) lib/active_support/cache/strategy/local_cache_middleware.rb:28:in `call'
  rack (1.6.4) lib/rack/lock.rb:17:in `call'
  actionpack (4.2.4) lib/action_dispatch/middleware/static.rb:116:in `call'
  rack (1.6.4) lib/rack/sendfile.rb:113:in `call'
  railties (4.2.4) lib/rails/engine.rb:518:in `call'
  railties (4.2.4) lib/rails/application.rb:165:in `call'
  rack (1.6.4) lib/rack/lock.rb:17:in `call'
  rack (1.6.4) lib/rack/content_length.rb:15:in `call'
  rack (1.6.4) lib/rack/handler/webrick.rb:88:in `service'
  C:/Ruby21-x64/lib/ruby/2.1.0/webrick/httpserver.rb:138:in `service'
  C:/Ruby21-x64/lib/ruby/2.1.0/webrick/httpserver.rb:94:in `run'
  C:/Ruby21-x64/lib/ruby/2.1.0/webrick/server.rb:295:in `block in start_thread'


  Rendered C:/Ruby21-x64/lib/ruby/gems/2.1.0/gems/actionpack-4.2.4/lib/action_dispatch/middleware/templates/rescues/_source.erb (1.0ms)
  Rendered C:/Ruby21-x64/lib/ruby/gems/2.1.0/gems/actionpack-4.2.4/lib/action_dispatch/middleware/templates/rescues/_trace.html.erb (2.0ms)
  Rendered C:/Ruby21-x64/lib/ruby/gems/2.1.0/gems/actionpack-4.2.4/lib/action_dispatch/middleware/templates/rescues/_request_and_response.html.erb (1.0ms)
  Rendered C:/Ruby21-x64/lib/ruby/gems/2.1.0/gems/actionpack-4.2.4/lib/action_dispatch/middleware/templates/rescues/diagnostics.html.erb within rescues/layout (31.0ms)
  Rendered C:/Ruby21-x64/lib/ruby/gems/2.1.0/gems/web-console-2.2.1/lib/web_console/templates/_markup.html.erb (1.0ms)
  Rendered C:/Ruby21-x64/lib/ruby/gems/2.1.0/gems/web-console-2.2.1/lib/web_console/templates/_inner_console_markup.html.erb within layouts/inlined_string (0.0ms)
  Rendered C:/Ruby21-x64/lib/ruby/gems/2.1.0/gems/web-console-2.2.1/lib/web_console/templates/_prompt_box_markup.html.erb within layouts/inlined_string (1.0ms)
  Rendered C:/Ruby21-x64/lib/ruby/gems/2.1.0/gems/web-console-2.2.1/lib/web_console/templates/style.css.erb within layouts/inlined_string (0.0ms)
  Rendered C:/Ruby21-x64/lib/ruby/gems/2.1.0/gems/web-console-2.2.1/lib/web_console/templates/console.js.erb within layouts/javascript (22.8ms)
  Rendered C:/Ruby21-x64/lib/ruby/gems/2.1.0/gems/web-console-2.2.1/lib/web_console/templates/main.js.erb within layouts/javascript (0.0ms)
  Rendered C:/Ruby21-x64/lib/ruby/gems/2.1.0/gems/web-console-2.2.1/lib/web_console/templates/error_page.js.erb within layouts/javascript (0.0ms)
  Rendered C:/Ruby21-x64/lib/ruby/gems/2.1.0/gems/web-console-2.2.1/lib/web_console/templates/index.html.erb (54.9ms)


Started GET "/" for ::1 at 2015-09-22 16:53:54 -0400

ActiveRecord::PendingMigrationError (

Migrations are pending. To resolve this issue, run:

	bin/rake db:migrate RAILS_ENV=development

):
  activerecord (4.2.4) lib/active_record/migration.rb:392:in `check_pending!'
  activerecord (4.2.4) lib/active_record/migration.rb:373:in `call'
  actionpack (4.2.4) lib/action_dispatch/middleware/callbacks.rb:29:in `block in call'
  activesupport (4.2.4) lib/active_support/callbacks.rb:88:in `__run_callbacks__'
  activesupport (4.2.4) lib/active_support/callbacks.rb:778:in `_run_call_callbacks'
  activesupport (4.2.4) lib/active_support/callbacks.rb:81:in `run_callbacks'
  actionpack (4.2.4) lib/action_dispatch/middleware/callbacks.rb:27:in `call'
  actionpack (4.2.4) lib/action_dispatch/middleware/reloader.rb:73:in `call'
  actionpack (4.2.4) lib/action_dispatch/middleware/remote_ip.rb:78:in `call'
  actionpack (4.2.4) lib/action_dispatch/middleware/debug_exceptions.rb:17:in `call'
  web-console (2.2.1) lib/web_console/middleware.rb:39:in `call'
  actionpack (4.2.4) lib/action_dispatch/middleware/show_exceptions.rb:30:in `call'
  railties (4.2.4) lib/rails/rack/logger.rb:38:in `call_app'
  railties (4.2.4) lib/rails/rack/logger.rb:20:in `block in call'
  activesupport (4.2.4) lib/active_support/tagged_logging.rb:68:in `block in tagged'
  activesupport (4.2.4) lib/active_support/tagged_logging.rb:26:in `tagged'
  activesupport (4.2.4) lib/active_support/tagged_logging.rb:68:in `tagged'
  railties (4.2.4) lib/rails/rack/logger.rb:20:in `call'
  actionpack (4.2.4) lib/action_dispatch/middleware/request_id.rb:21:in `call'
  rack (1.6.4) lib/rack/methodoverride.rb:22:in `call'
  rack (1.6.4) lib/rack/runtime.rb:18:in `call'
  activesupport (4.2.4) lib/active_support/cache/strategy/local_cache_middleware.rb:28:in `call'
  rack (1.6.4) lib/rack/lock.rb:17:in `call'
  actionpack (4.2.4) lib/action_dispatch/middleware/static.rb:116:in `call'
  rack (1.6.4) lib/rack/sendfile.rb:113:in `call'
  railties (4.2.4) lib/rails/engine.rb:518:in `call'
  railties (4.2.4) lib/rails/application.rb:165:in `call'
  rack (1.6.4) lib/rack/lock.rb:17:in `call'
  rack (1.6.4) lib/rack/content_length.rb:15:in `call'
  rack (1.6.4) lib/rack/handler/webrick.rb:88:in `service'
  C:/Ruby21-x64/lib/ruby/2.1.0/webrick/httpserver.rb:138:in `service'
  C:/Ruby21-x64/lib/ruby/2.1.0/webrick/httpserver.rb:94:in `run'
  C:/Ruby21-x64/lib/ruby/2.1.0/webrick/server.rb:295:in `block in start_thread'


  Rendered C:/Ruby21-x64/lib/ruby/gems/2.1.0/gems/actionpack-4.2.4/lib/action_dispatch/middleware/templates/rescues/_source.erb (2.0ms)
  Rendered C:/Ruby21-x64/lib/ruby/gems/2.1.0/gems/actionpack-4.2.4/lib/action_dispatch/middleware/templates/rescues/_trace.html.erb (5.0ms)
  Rendered C:/Ruby21-x64/lib/ruby/gems/2.1.0/gems/actionpack-4.2.4/lib/action_dispatch/middleware/templates/rescues/_request_and_response.html.erb (2.0ms)
  Rendered C:/Ruby21-x64/lib/ruby/gems/2.1.0/gems/actionpack-4.2.4/lib/action_dispatch/middleware/templates/rescues/diagnostics.html.erb within rescues/layout (72.9ms)
  Rendered C:/Ruby21-x64/lib/ruby/gems/2.1.0/gems/web-console-2.2.1/lib/web_console/templates/_markup.html.erb (1.0ms)
  Rendered C:/Ruby21-x64/lib/ruby/gems/2.1.0/gems/web-console-2.2.1/lib/web_console/templates/_inner_console_markup.html.erb within layouts/inlined_string (2.0ms)
  Rendered C:/Ruby21-x64/lib/ruby/gems/2.1.0/gems/web-console-2.2.1/lib/web_console/templates/_prompt_box_markup.html.erb within layouts/inlined_string (1.0ms)
  Rendered C:/Ruby21-x64/lib/ruby/gems/2.1.0/gems/web-console-2.2.1/lib/web_console/templates/style.css.erb within layouts/inlined_string (1.0ms)
  Rendered C:/Ruby21-x64/lib/ruby/gems/2.1.0/gems/web-console-2.2.1/lib/web_console/templates/console.js.erb within layouts/javascript (76.7ms)
  Rendered C:/Ruby21-x64/lib/ruby/gems/2.1.0/gems/web-console-2.2.1/lib/web_console/templates/main.js.erb within layouts/javascript (1.0ms)
  Rendered C:/Ruby21-x64/lib/ruby/gems/2.1.0/gems/web-console-2.2.1/lib/web_console/templates/error_page.js.erb within layouts/javascript (2.0ms)
  Rendered C:/Ruby21-x64/lib/ruby/gems/2.1.0/gems/web-console-2.2.1/lib/web_console/templates/index.html.erb (167.1ms)


Started GET "/" for ::1 at 2015-09-22 16:53:56 -0400

ActiveRecord::PendingMigrationError (

Migrations are pending. To resolve this issue, run:

	bin/rake db:migrate RAILS_ENV=development

):
  activerecord (4.2.4) lib/active_record/migration.rb:392:in `check_pending!'
  activerecord (4.2.4) lib/active_record/migration.rb:373:in `call'
  actionpack (4.2.4) lib/action_dispatch/middleware/callbacks.rb:29:in `block in call'
  activesupport (4.2.4) lib/active_support/callbacks.rb:88:in `__run_callbacks__'
  activesupport (4.2.4) lib/active_support/callbacks.rb:778:in `_run_call_callbacks'
  activesupport (4.2.4) lib/active_support/callbacks.rb:81:in `run_callbacks'
  actionpack (4.2.4) lib/action_dispatch/middleware/callbacks.rb:27:in `call'
  actionpack (4.2.4) lib/action_dispatch/middleware/reloader.rb:73:in `call'
  actionpack (4.2.4) lib/action_dispatch/middleware/remote_ip.rb:78:in `call'
  actionpack (4.2.4) lib/action_dispatch/middleware/debug_exceptions.rb:17:in `call'
  web-console (2.2.1) lib/web_console/middleware.rb:39:in `call'
  actionpack (4.2.4) lib/action_dispatch/middleware/show_exceptions.rb:30:in `call'
  railties (4.2.4) lib/rails/rack/logger.rb:38:in `call_app'
  railties (4.2.4) lib/rails/rack/logger.rb:20:in `block in call'
  activesupport (4.2.4) lib/active_support/tagged_logging.rb:68:in `block in tagged'
  activesupport (4.2.4) lib/active_support/tagged_logging.rb:26:in `tagged'
  activesupport (4.2.4) lib/active_support/tagged_logging.rb:68:in `tagged'
  railties (4.2.4) lib/rails/rack/logger.rb:20:in `call'
  actionpack (4.2.4) lib/action_dispatch/middleware/request_id.rb:21:in `call'
  rack (1.6.4) lib/rack/methodoverride.rb:22:in `call'
  rack (1.6.4) lib/rack/runtime.rb:18:in `call'
  activesupport (4.2.4) lib/active_support/cache/strategy/local_cache_middleware.rb:28:in `call'
  rack (1.6.4) lib/rack/lock.rb:17:in `call'
  actionpack (4.2.4) lib/action_dispatch/middleware/static.rb:116:in `call'
  rack (1.6.4) lib/rack/sendfile.rb:113:in `call'
  railties (4.2.4) lib/rails/engine.rb:518:in `call'
  railties (4.2.4) lib/rails/application.rb:165:in `call'
  rack (1.6.4) lib/rack/lock.rb:17:in `call'
  rack (1.6.4) lib/rack/content_length.rb:15:in `call'
  rack (1.6.4) lib/rack/handler/webrick.rb:88:in `service'
  C:/Ruby21-x64/lib/ruby/2.1.0/webrick/httpserver.rb:138:in `service'
  C:/Ruby21-x64/lib/ruby/2.1.0/webrick/httpserver.rb:94:in `run'
  C:/Ruby21-x64/lib/ruby/2.1.0/webrick/server.rb:295:in `block in start_thread'


  Rendered C:/Ruby21-x64/lib/ruby/gems/2.1.0/gems/actionpack-4.2.4/lib/action_dispatch/middleware/templates/rescues/_source.erb (2.0ms)
  Rendered C:/Ruby21-x64/lib/ruby/gems/2.1.0/gems/actionpack-4.2.4/lib/action_dispatch/middleware/templates/rescues/_trace.html.erb (5.0ms)
  Rendered C:/Ruby21-x64/lib/ruby/gems/2.1.0/gems/actionpack-4.2.4/lib/action_dispatch/middleware/templates/rescues/_request_and_response.html.erb (1.0ms)
  Rendered C:/Ruby21-x64/lib/ruby/gems/2.1.0/gems/actionpack-4.2.4/lib/action_dispatch/middleware/templates/rescues/diagnostics.html.erb within rescues/layout (53.0ms)
  Rendered C:/Ruby21-x64/lib/ruby/gems/2.1.0/gems/web-console-2.2.1/lib/web_console/templates/_markup.html.erb (1.0ms)
  Rendered C:/Ruby21-x64/lib/ruby/gems/2.1.0/gems/web-console-2.2.1/lib/web_console/templates/_inner_console_markup.html.erb within layouts/inlined_string (1.0ms)
  Rendered C:/Ruby21-x64/lib/ruby/gems/2.1.0/gems/web-console-2.2.1/lib/web_console/templates/_prompt_box_markup.html.erb within layouts/inlined_string (0.0ms)
  Rendered C:/Ruby21-x64/lib/ruby/gems/2.1.0/gems/web-console-2.2.1/lib/web_console/templates/style.css.erb within layouts/inlined_string (0.0ms)
  Rendered C:/Ruby21-x64/lib/ruby/gems/2.1.0/gems/web-console-2.2.1/lib/web_console/templates/console.js.erb within layouts/javascript (51.5ms)
  Rendered C:/Ruby21-x64/lib/ruby/gems/2.1.0/gems/web-console-2.2.1/lib/web_console/templates/main.js.erb within layouts/javascript (1.0ms)
  Rendered C:/Ruby21-x64/lib/ruby/gems/2.1.0/gems/web-console-2.2.1/lib/web_console/templates/error_page.js.erb within layouts/javascript (2.0ms)
  Rendered C:/Ruby21-x64/lib/ruby/gems/2.1.0/gems/web-console-2.2.1/lib/web_console/templates/index.html.erb (115.5ms)
  [1m[36m (150.5ms)[0m  [1mCREATE TABLE "schema_migrations" ("version" varchar NOT NULL) [0m
  [1m[35m (1.0ms)[0m  select sqlite_version(*)
  [1m[36m (107.5ms)[0m  [1mCREATE UNIQUE INDEX "unique_schema_migrations" ON "schema_migrations" ("version")[0m
  [1m[35mActiveRecord::SchemaMigration Load (0.0ms)[0m  SELECT "schema_migrations".* FROM "schema_migrations"
Migrating to CreateMembers (20150917041353)
  [1m[36m (0.0ms)[0m  [1mbegin transaction[0m
  [1m[35m (2.0ms)[0m  CREATE TABLE "members" ("id" INTEGER PRIMARY KEY AUTOINCREMENT NOT NULL, "name" varchar, "email" varchar, "password" varchar, "created_at" datetime NOT NULL, "updated_at" datetime NOT NULL) 
  [1m[36mSQL (0.0ms)[0m  [1mINSERT INTO "schema_migrations" ("version") VALUES (?)[0m  [["version", "20150917041353"]]
  [1m[35m (109.1ms)[0m  commit transaction
Migrating to CreateBooks (20150917041439)
  [1m[36m (1.0ms)[0m  [1mbegin transaction[0m
  [1m[35m (2.0ms)[0m  CREATE TABLE "books" ("isbn" INTEGER PRIMARY KEY AUTOINCREMENT NOT NULL, "name" varchar, "authors" text, "created_at" datetime NOT NULL, "updated_at" datetime NOT NULL) 
  [1m[36mSQL (0.0ms)[0m  [1mINSERT INTO "schema_migrations" ("version") VALUES (?)[0m  [["version", "20150917041439"]]
  [1m[35m (74.5ms)[0m  commit transaction
  [1m[36mActiveRecord::SchemaMigration Load (0.0ms)[0m  [1mSELECT "schema_migrations".* FROM "schema_migrations"[0m


Started GET "/" for ::1 at 2015-09-22 21:57:33 -0400
  [1m[36mActiveRecord::SchemaMigration Load (0.0ms)[0m  [1mSELECT "schema_migrations".* FROM "schema_migrations"[0m
Processing by WelcomeController#index as HTML
  Rendered welcome/index.html.erb within layouts/application (3.0ms)
Completed 500 Internal Server Error in 393ms (ActiveRecord: 0.0ms)

ActionView::Template::Error (Current ExecJS runtime does't support ES5. Please install node.js.):
    2: <html>
    3: <head>
    4:   <title>LibSys</title>
    5:   <%= stylesheet_link_tag    'application', media: 'all', 'data-turbolinks-track' => true %>
    6:   <%= javascript_include_tag 'application', 'data-turbolinks-track' => true %>
    7:   <%= csrf_meta_tags %>
    8: </head>
  app/views/layouts/application.html.erb:5:in `_app_views_layouts_application_html_erb__1611304456_65967260'


  Rendered C:/Ruby21-x64/lib/ruby/gems/2.1.0/gems/actionpack-4.2.4/lib/action_dispatch/middleware/templates/rescues/_source.erb (1.0ms)
  Rendered C:/Ruby21-x64/lib/ruby/gems/2.1.0/gems/actionpack-4.2.4/lib/action_dispatch/middleware/templates/rescues/_trace.html.erb (3.0ms)
  Rendered C:/Ruby21-x64/lib/ruby/gems/2.1.0/gems/actionpack-4.2.4/lib/action_dispatch/middleware/templates/rescues/_request_and_response.html.erb (1.0ms)
  Rendered C:/Ruby21-x64/lib/ruby/gems/2.1.0/gems/actionpack-4.2.4/lib/action_dispatch/middleware/templates/rescues/template_error.html.erb within rescues/layout (25.7ms)
  Rendered C:/Ruby21-x64/lib/ruby/gems/2.1.0/gems/web-console-2.2.1/lib/web_console/templates/_markup.html.erb (0.0ms)
  Rendered C:/Ruby21-x64/lib/ruby/gems/2.1.0/gems/web-console-2.2.1/lib/web_console/templates/_inner_console_markup.html.erb within layouts/inlined_string (1.0ms)
  Rendered C:/Ruby21-x64/lib/ruby/gems/2.1.0/gems/web-console-2.2.1/lib/web_console/templates/_prompt_box_markup.html.erb within layouts/inlined_string (1.0ms)
  Rendered C:/Ruby21-x64/lib/ruby/gems/2.1.0/gems/web-console-2.2.1/lib/web_console/templates/style.css.erb within layouts/inlined_string (0.0ms)
  Rendered C:/Ruby21-x64/lib/ruby/gems/2.1.0/gems/web-console-2.2.1/lib/web_console/templates/console.js.erb within layouts/javascript (23.0ms)
  Rendered C:/Ruby21-x64/lib/ruby/gems/2.1.0/gems/web-console-2.2.1/lib/web_console/templates/main.js.erb within layouts/javascript (0.0ms)
  Rendered C:/Ruby21-x64/lib/ruby/gems/2.1.0/gems/web-console-2.2.1/lib/web_console/templates/error_page.js.erb within layouts/javascript (0.0ms)
  Rendered C:/Ruby21-x64/lib/ruby/gems/2.1.0/gems/web-console-2.2.1/lib/web_console/templates/index.html.erb (56.0ms)


Started GET "/" for ::1 at 2015-09-22 21:58:04 -0400
Processing by WelcomeController#index as HTML
  Rendered welcome/index.html.erb within layouts/application (1.0ms)
Completed 200 OK in 8ms (Views: 7.0ms | ActiveRecord: 0.0ms)


Started GET "/login" for ::1 at 2015-09-22 21:58:07 -0400
Processing by SessionsController#new as HTML
  Rendered sessions/new.html.erb within layouts/application (22.0ms)
Completed 200 OK in 26ms (Views: 26.0ms | ActiveRecord: 0.0ms)


Started GET "/signup" for ::1 at 2015-09-22 21:58:10 -0400
Processing by MembersController#signup as HTML
  Rendered members/_signup.html.erb (8.0ms)
  Rendered members/signup.html.erb within layouts/application (11.0ms)
Completed 200 OK in 24ms (Views: 16.0ms | ActiveRecord: 0.0ms)


Started GET "/login" for ::1 at 2015-09-22 21:59:20 -0400
Processing by SessionsController#new as HTML
  Rendered sessions/new.html.erb within layouts/application (1.0ms)
Completed 200 OK in 6ms (Views: 5.3ms | ActiveRecord: 0.0ms)


Started GET "/signup" for ::1 at 2015-09-22 21:59:23 -0400
Processing by MembersController#signup as HTML
  Rendered members/_signup.html.erb (2.0ms)
  Rendered members/signup.html.erb within layouts/application (4.0ms)
Completed 200 OK in 10ms (Views: 9.0ms | ActiveRecord: 0.0ms)


Started GET "/books" for ::1 at 2015-09-22 21:59:31 -0400
Processing by BooksController#index as HTML
  [1m[35mBook Load (0.0ms)[0m  SELECT "books".* FROM "books"
  Rendered books/index.html.erb within layouts/application (3.8ms)
Completed 200 OK in 11ms (Views: 7.8ms | ActiveRecord: 0.0ms)
  [1m[36mActiveRecord::SchemaMigration Load (0.0ms)[0m  [1mSELECT "schema_migrations".* FROM "schema_migrations"[0m
Migrating to CreateBookTransactions (20150923020328)
  [1m[35m (0.0ms)[0m  begin transaction
  [1m[36m (1.0ms)[0m  [1mCREATE TABLE "book_transactions" ("id" INTEGER PRIMARY KEY AUTOINCREMENT NOT NULL, "isbn" integer, "name" varchar, "member" varchar, "created_at" datetime NOT NULL, "updated_at" datetime NOT NULL) [0m
  [1m[35mSQL (0.0ms)[0m  INSERT INTO "schema_migrations" ("version") VALUES (?)  [["version", "20150923020328"]]
  [1m[36m (145.7ms)[0m  [1mcommit transaction[0m
  [1m[35mActiveRecord::SchemaMigration Load (1.0ms)[0m  SELECT "schema_migrations".* FROM "schema_migrations"


Started GET "/book_transactions" for ::1 at 2015-09-22 22:05:01 -0400
  [1m[36mActiveRecord::SchemaMigration Load (0.0ms)[0m  [1mSELECT "schema_migrations".* FROM "schema_migrations"[0m
Processing by BookTransactionsController#index as HTML
  [1m[35mBookTransaction Load (0.0ms)[0m  SELECT "book_transactions".* FROM "book_transactions"
  Rendered book_transactions/index.html.erb within layouts/application (5.0ms)
Completed 200 OK in 30ms (Views: 16.0ms | ActiveRecord: 0.0ms)


Started GET "/book_transactions/new" for ::1 at 2015-09-22 22:05:05 -0400
Processing by BookTransactionsController#new as HTML
  Rendered book_transactions/_form.html.erb (27.0ms)
  Rendered book_transactions/new.html.erb within layouts/application (32.9ms)
Completed 200 OK in 42ms (Views: 36.3ms | ActiveRecord: 1.0ms)


Started POST "/book_transactions" for ::1 at 2015-09-22 22:05:27 -0400
Processing by BookTransactionsController#create as HTML
  Parameters: {"utf8"=>"✓", "authenticity_token"=>"G2FFHGSbKCbeMXvfVw9S/OBRxO6XiNj4yK2CzW4ShjVi8oHpLw3H7UHdoeg2XvWy16PBQOtIWuYBWj+D5Bmj/w==", "book_transaction"=>{"isbn"=>"3", "name"=>"database", "member"=>"d"}, "commit"=>"Create Book transaction"}
  [1m[36m (1.0ms)[0m  [1mbegin transaction[0m
  [1m[35mSQL (1.0ms)[0m  INSERT INTO "book_transactions" ("isbn", "name", "member", "created_at", "updated_at") VALUES (?, ?, ?, ?, ?)  [["isbn", 3], ["name", "database"], ["member", "d"], ["created_at", "2015-09-23 02:05:27.684661"], ["updated_at", "2015-09-23 02:05:27.684661"]]
  [1m[36m (149.5ms)[0m  [1mcommit transaction[0m
Redirected to http://localhost:3000/book_transactions/1
Completed 302 Found in 163ms (ActiveRecord: 151.5ms)


Started GET "/book_transactions/1" for ::1 at 2015-09-22 22:05:27 -0400
Processing by BookTransactionsController#show as HTML
  Parameters: {"id"=>"1"}
  [1m[35mBookTransaction Load (0.0ms)[0m  SELECT  "book_transactions".* FROM "book_transactions" WHERE "book_transactions"."id" = ? LIMIT 1  [["id", 1]]
  Rendered book_transactions/show.html.erb within layouts/application (1.0ms)
Completed 200 OK in 16ms (Views: 6.0ms | ActiveRecord: 0.0ms)


Started GET "/book_transactions" for ::1 at 2015-09-22 22:05:36 -0400
Processing by BookTransactionsController#index as HTML
  [1m[36mBookTransaction Load (0.0ms)[0m  [1mSELECT "book_transactions".* FROM "book_transactions"[0m
  Rendered book_transactions/index.html.erb within layouts/application (4.0ms)
Completed 200 OK in 8ms (Views: 7.2ms | ActiveRecord: 0.0ms)


Started GET "/book" for ::1 at 2015-09-22 22:05:53 -0400

ActionController::RoutingError (No route matches [GET] "/book"):
  actionpack (4.2.4) lib/action_dispatch/middleware/debug_exceptions.rb:21:in `call'
  web-console (2.2.1) lib/web_console/middleware.rb:39:in `call'
  actionpack (4.2.4) lib/action_dispatch/middleware/show_exceptions.rb:30:in `call'
  railties (4.2.4) lib/rails/rack/logger.rb:38:in `call_app'
  railties (4.2.4) lib/rails/rack/logger.rb:20:in `block in call'
  activesupport (4.2.4) lib/active_support/tagged_logging.rb:68:in `block in tagged'
  activesupport (4.2.4) lib/active_support/tagged_logging.rb:26:in `tagged'
  activesupport (4.2.4) lib/active_support/tagged_logging.rb:68:in `tagged'
  railties (4.2.4) lib/rails/rack/logger.rb:20:in `call'
  actionpack (4.2.4) lib/action_dispatch/middleware/request_id.rb:21:in `call'
  rack (1.6.4) lib/rack/methodoverride.rb:22:in `call'
  rack (1.6.4) lib/rack/runtime.rb:18:in `call'
  activesupport (4.2.4) lib/active_support/cache/strategy/local_cache_middleware.rb:28:in `call'
  rack (1.6.4) lib/rack/lock.rb:17:in `call'
  actionpack (4.2.4) lib/action_dispatch/middleware/static.rb:116:in `call'
  rack (1.6.4) lib/rack/sendfile.rb:113:in `call'
  railties (4.2.4) lib/rails/engine.rb:518:in `call'
  railties (4.2.4) lib/rails/application.rb:165:in `call'
  rack (1.6.4) lib/rack/lock.rb:17:in `call'
  rack (1.6.4) lib/rack/content_length.rb:15:in `call'
  rack (1.6.4) lib/rack/handler/webrick.rb:88:in `service'
  C:/Ruby21-x64/lib/ruby/2.1.0/webrick/httpserver.rb:138:in `service'
  C:/Ruby21-x64/lib/ruby/2.1.0/webrick/httpserver.rb:94:in `run'
  C:/Ruby21-x64/lib/ruby/2.1.0/webrick/server.rb:295:in `block in start_thread'


  Rendered C:/Ruby21-x64/lib/ruby/gems/2.1.0/gems/actionpack-4.2.4/lib/action_dispatch/middleware/templates/rescues/_trace.html.erb (1.0ms)
  Rendered C:/Ruby21-x64/lib/ruby/gems/2.1.0/gems/actionpack-4.2.4/lib/action_dispatch/middleware/templates/routes/_route.html.erb (1.0ms)
  Rendered C:/Ruby21-x64/lib/ruby/gems/2.1.0/gems/actionpack-4.2.4/lib/action_dispatch/middleware/templates/routes/_table.html.erb (3.0ms)
  Rendered C:/Ruby21-x64/lib/ruby/gems/2.1.0/gems/actionpack-4.2.4/lib/action_dispatch/middleware/templates/rescues/_request_and_response.html.erb (1.0ms)
  Rendered C:/Ruby21-x64/lib/ruby/gems/2.1.0/gems/actionpack-4.2.4/lib/action_dispatch/middleware/templates/rescues/routing_error.html.erb within rescues/layout (43.5ms)
  Rendered C:/Ruby21-x64/lib/ruby/gems/2.1.0/gems/web-console-2.2.1/lib/web_console/templates/_markup.html.erb (0.0ms)
  Rendered C:/Ruby21-x64/lib/ruby/gems/2.1.0/gems/web-console-2.2.1/lib/web_console/templates/_inner_console_markup.html.erb within layouts/inlined_string (0.0ms)
  Rendered C:/Ruby21-x64/lib/ruby/gems/2.1.0/gems/web-console-2.2.1/lib/web_console/templates/_prompt_box_markup.html.erb within layouts/inlined_string (0.0ms)
  Rendered C:/Ruby21-x64/lib/ruby/gems/2.1.0/gems/web-console-2.2.1/lib/web_console/templates/style.css.erb within layouts/inlined_string (0.0ms)
  Rendered C:/Ruby21-x64/lib/ruby/gems/2.1.0/gems/web-console-2.2.1/lib/web_console/templates/console.js.erb within layouts/javascript (23.4ms)
  Rendered C:/Ruby21-x64/lib/ruby/gems/2.1.0/gems/web-console-2.2.1/lib/web_console/templates/main.js.erb within layouts/javascript (0.0ms)
  Rendered C:/Ruby21-x64/lib/ruby/gems/2.1.0/gems/web-console-2.2.1/lib/web_console/templates/error_page.js.erb within layouts/javascript (0.0ms)
  Rendered C:/Ruby21-x64/lib/ruby/gems/2.1.0/gems/web-console-2.2.1/lib/web_console/templates/index.html.erb (54.8ms)


Started GET "/books" for ::1 at 2015-09-22 22:05:57 -0400
Processing by BooksController#index as HTML
  [1m[35mBook Load (0.0ms)[0m  SELECT "books".* FROM "books"
  Rendered books/index.html.erb within layouts/application (2.0ms)
Completed 200 OK in 10ms (Views: 7.0ms | ActiveRecord: 0.0ms)


Started GET "/books/new" for ::1 at 2015-09-22 22:06:05 -0400
Processing by BooksController#new as HTML
  Rendered books/_form.html.erb (38.3ms)
  Rendered books/new.html.erb within layouts/application (40.0ms)
Completed 200 OK in 49ms (Views: 43.0ms | ActiveRecord: 0.0ms)


Started POST "/books" for ::1 at 2015-09-22 22:06:26 -0400
Processing by BooksController#create as HTML
  Parameters: {"utf8"=>"✓", "authenticity_token"=>"352Crb7FGKLBx7V+g/hpiK34qWeJclWe1vDL3O/3OkimDkZY9VP3aV4rb0niqc7GmgqsyfWy14AfB3aSZfwfgg==", "book"=>{"isbn"=>"5", "name"=>"book1", "authors"=>"au1,au2"}, "commit"=>"Create Book"}
  [1m[36m (0.0ms)[0m  [1mbegin transaction[0m
  [1m[35mSQL (1.0ms)[0m  INSERT INTO "books" ("isbn", "name", "authors", "created_at", "updated_at") VALUES (?, ?, ?, ?, ?)  [["isbn", 5], ["name", "book1"], ["authors", "au1,au2"], ["created_at", "2015-09-23 02:06:26.026712"], ["updated_at", "2015-09-23 02:06:26.026712"]]
  [1m[36m (115.8ms)[0m  [1mcommit transaction[0m
Redirected to http://localhost:3000/books
Completed 302 Found in 124ms (ActiveRecord: 116.8ms)


Started GET "/books" for ::1 at 2015-09-22 22:06:26 -0400
Processing by BooksController#index as HTML
  [1m[35mBook Load (1.0ms)[0m  SELECT "books".* FROM "books"
  Rendered books/index.html.erb within layouts/application (2.0ms)
Completed 200 OK in 9ms (Views: 7.0ms | ActiveRecord: 1.0ms)


Started GET "/book_transaction" for ::1 at 2015-09-22 22:15:54 -0400

ActionController::RoutingError (No route matches [GET] "/book_transaction"):
  actionpack (4.2.4) lib/action_dispatch/middleware/debug_exceptions.rb:21:in `call'
  web-console (2.2.1) lib/web_console/middleware.rb:39:in `call'
  actionpack (4.2.4) lib/action_dispatch/middleware/show_exceptions.rb:30:in `call'
  railties (4.2.4) lib/rails/rack/logger.rb:38:in `call_app'
  railties (4.2.4) lib/rails/rack/logger.rb:20:in `block in call'
  activesupport (4.2.4) lib/active_support/tagged_logging.rb:68:in `block in tagged'
  activesupport (4.2.4) lib/active_support/tagged_logging.rb:26:in `tagged'
  activesupport (4.2.4) lib/active_support/tagged_logging.rb:68:in `tagged'
  railties (4.2.4) lib/rails/rack/logger.rb:20:in `call'
  actionpack (4.2.4) lib/action_dispatch/middleware/request_id.rb:21:in `call'
  rack (1.6.4) lib/rack/methodoverride.rb:22:in `call'
  rack (1.6.4) lib/rack/runtime.rb:18:in `call'
  activesupport (4.2.4) lib/active_support/cache/strategy/local_cache_middleware.rb:28:in `call'
  rack (1.6.4) lib/rack/lock.rb:17:in `call'
  actionpack (4.2.4) lib/action_dispatch/middleware/static.rb:116:in `call'
  rack (1.6.4) lib/rack/sendfile.rb:113:in `call'
  railties (4.2.4) lib/rails/engine.rb:518:in `call'
  railties (4.2.4) lib/rails/application.rb:165:in `call'
  rack (1.6.4) lib/rack/lock.rb:17:in `call'
  rack (1.6.4) lib/rack/content_length.rb:15:in `call'
  rack (1.6.4) lib/rack/handler/webrick.rb:88:in `service'
  C:/Ruby21-x64/lib/ruby/2.1.0/webrick/httpserver.rb:138:in `service'
  C:/Ruby21-x64/lib/ruby/2.1.0/webrick/httpserver.rb:94:in `run'
  C:/Ruby21-x64/lib/ruby/2.1.0/webrick/server.rb:295:in `block in start_thread'


  Rendered C:/Ruby21-x64/lib/ruby/gems/2.1.0/gems/actionpack-4.2.4/lib/action_dispatch/middleware/templates/rescues/_trace.html.erb (4.0ms)
  Rendered C:/Ruby21-x64/lib/ruby/gems/2.1.0/gems/actionpack-4.2.4/lib/action_dispatch/middleware/templates/routes/_route.html.erb (2.0ms)
  Rendered C:/Ruby21-x64/lib/ruby/gems/2.1.0/gems/actionpack-4.2.4/lib/action_dispatch/middleware/templates/routes/_table.html.erb (1.0ms)
  Rendered C:/Ruby21-x64/lib/ruby/gems/2.1.0/gems/actionpack-4.2.4/lib/action_dispatch/middleware/templates/rescues/_request_and_response.html.erb (1.0ms)
  Rendered C:/Ruby21-x64/lib/ruby/gems/2.1.0/gems/actionpack-4.2.4/lib/action_dispatch/middleware/templates/rescues/routing_error.html.erb within rescues/layout (46.1ms)
  Rendered C:/Ruby21-x64/lib/ruby/gems/2.1.0/gems/web-console-2.2.1/lib/web_console/templates/_markup.html.erb (0.0ms)
  Rendered C:/Ruby21-x64/lib/ruby/gems/2.1.0/gems/web-console-2.2.1/lib/web_console/templates/_inner_console_markup.html.erb within layouts/inlined_string (0.0ms)
  Rendered C:/Ruby21-x64/lib/ruby/gems/2.1.0/gems/web-console-2.2.1/lib/web_console/templates/_prompt_box_markup.html.erb within layouts/inlined_string (0.0ms)
  Rendered C:/Ruby21-x64/lib/ruby/gems/2.1.0/gems/web-console-2.2.1/lib/web_console/templates/style.css.erb within layouts/inlined_string (1.0ms)
  Rendered C:/Ruby21-x64/lib/ruby/gems/2.1.0/gems/web-console-2.2.1/lib/web_console/templates/console.js.erb within layouts/javascript (30.0ms)
  Rendered C:/Ruby21-x64/lib/ruby/gems/2.1.0/gems/web-console-2.2.1/lib/web_console/templates/main.js.erb within layouts/javascript (1.0ms)
  Rendered C:/Ruby21-x64/lib/ruby/gems/2.1.0/gems/web-console-2.2.1/lib/web_console/templates/error_page.js.erb within layouts/javascript (0.0ms)
  Rendered C:/Ruby21-x64/lib/ruby/gems/2.1.0/gems/web-console-2.2.1/lib/web_console/templates/index.html.erb (63.0ms)


Started GET "/book_transactions" for ::1 at 2015-09-22 22:15:59 -0400
Processing by BookTransactionsController#index as HTML
  [1m[36mBookTransaction Load (1.0ms)[0m  [1mSELECT "book_transactions".* FROM "book_transactions"[0m
  Rendered book_transactions/index.html.erb within layouts/application (2.0ms)
Completed 200 OK in 8ms (Views: 6.0ms | ActiveRecord: 1.0ms)


Started GET "/members/_login" for 127.0.0.1 at 2015-09-22 22:31:51 -0400
Processing by MembersController#show as HTML
  Parameters: {"id"=>"_login"}
  [1m[35mMember Load (1.0ms)[0m  SELECT  "members".* FROM "members" WHERE "members"."id" = ? LIMIT 1  [["id", 0]]
Completed 404 Not Found in 6ms (ActiveRecord: 2.0ms)

ActiveRecord::RecordNotFound (Couldn't find Member with 'id'=_login):
  app/controllers/members_controller.rb:74:in `set_member'


  Rendered C:/Ruby21-x64/lib/ruby/gems/2.1.0/gems/actionpack-4.2.4/lib/action_dispatch/middleware/templates/rescues/_source.erb (1.0ms)
  Rendered C:/Ruby21-x64/lib/ruby/gems/2.1.0/gems/actionpack-4.2.4/lib/action_dispatch/middleware/templates/rescues/_trace.html.erb (5.0ms)
  Rendered C:/Ruby21-x64/lib/ruby/gems/2.1.0/gems/actionpack-4.2.4/lib/action_dispatch/middleware/templates/rescues/_request_and_response.html.erb (2.0ms)
  Rendered C:/Ruby21-x64/lib/ruby/gems/2.1.0/gems/actionpack-4.2.4/lib/action_dispatch/middleware/templates/rescues/diagnostics.html.erb within rescues/layout (56.0ms)
  Rendered C:/Ruby21-x64/lib/ruby/gems/2.1.0/gems/web-console-2.2.1/lib/web_console/templates/_markup.html.erb (0.0ms)
  Rendered C:/Ruby21-x64/lib/ruby/gems/2.1.0/gems/web-console-2.2.1/lib/web_console/templates/_inner_console_markup.html.erb within layouts/inlined_string (1.0ms)
  Rendered C:/Ruby21-x64/lib/ruby/gems/2.1.0/gems/web-console-2.2.1/lib/web_console/templates/_prompt_box_markup.html.erb within layouts/inlined_string (1.0ms)
  Rendered C:/Ruby21-x64/lib/ruby/gems/2.1.0/gems/web-console-2.2.1/lib/web_console/templates/style.css.erb within layouts/inlined_string (0.0ms)
  Rendered C:/Ruby21-x64/lib/ruby/gems/2.1.0/gems/web-console-2.2.1/lib/web_console/templates/console.js.erb within layouts/javascript (26.0ms)
  Rendered C:/Ruby21-x64/lib/ruby/gems/2.1.0/gems/web-console-2.2.1/lib/web_console/templates/main.js.erb within layouts/javascript (0.0ms)
  Rendered C:/Ruby21-x64/lib/ruby/gems/2.1.0/gems/web-console-2.2.1/lib/web_console/templates/error_page.js.erb within layouts/javascript (1.0ms)
  Rendered C:/Ruby21-x64/lib/ruby/gems/2.1.0/gems/web-console-2.2.1/lib/web_console/templates/index.html.erb (61.0ms)


Started GET "/book_transactions/1" for ::1 at 2015-09-22 22:52:39 -0400
Processing by BookTransactionsController#show as HTML
  Parameters: {"id"=>"1"}
  [1m[36mBookTransaction Load (0.0ms)[0m  [1mSELECT  "book_transactions".* FROM "book_transactions" WHERE "book_transactions"."id" = ? LIMIT 1[0m  [["id", 1]]
  Rendered book_transactions/show.html.erb within layouts/application (1.0ms)
Completed 200 OK in 6ms (Views: 4.4ms | ActiveRecord: 0.0ms)


Started GET "/book_transactions" for ::1 at 2015-09-22 22:52:42 -0400
Processing by BookTransactionsController#index as HTML
  [1m[35mBookTransaction Load (0.0ms)[0m  SELECT "book_transactions".* FROM "book_transactions"
  Rendered book_transactions/index.html.erb within layouts/application (2.0ms)
Completed 200 OK in 7ms (Views: 6.0ms | ActiveRecord: 0.0ms)
  [1m[36mActiveRecord::SchemaMigration Load (0.0ms)[0m  [1mSELECT "schema_migrations".* FROM "schema_migrations"[0m
  [1m[35mActiveRecord::SchemaMigration Load (0.0ms)[0m  SELECT "schema_migrations".* FROM "schema_migrations"


Started GET "/book_transactions" for ::1 at 2015-09-22 23:26:22 -0400
  [1m[36mActiveRecord::SchemaMigration Load (0.0ms)[0m  [1mSELECT "schema_migrations".* FROM "schema_migrations"[0m
Processing by BookTransactionsController#index as HTML
  [1m[35mBookTransaction Load (0.0ms)[0m  SELECT "book_transactions".* FROM "book_transactions"
  Rendered book_transactions/index.html.erb within layouts/application (10.0ms)
Completed 200 OK in 38ms (Views: 24.0ms | ActiveRecord: 0.0ms)


Started GET "/book_transactions/1" for ::1 at 2015-09-22 23:26:31 -0400
Processing by BookTransactionsController#show as HTML
  Parameters: {"id"=>"1"}
  [1m[36mBookTransaction Load (0.0ms)[0m  [1mSELECT  "book_transactions".* FROM "book_transactions" WHERE "book_transactions"."id" = ? LIMIT 1[0m  [["id", 1]]
  Rendered book_transactions/show.html.erb within layouts/application (1.0ms)
Completed 200 OK in 18ms (Views: 4.7ms | ActiveRecord: 0.0ms)


Started GET "/book_transactions" for ::1 at 2015-09-22 23:26:34 -0400
Processing by BookTransactionsController#index as HTML
  [1m[35mBookTransaction Load (0.0ms)[0m  SELECT "book_transactions".* FROM "book_transactions"
  Rendered book_transactions/index.html.erb within layouts/application (2.0ms)
Completed 200 OK in 6ms (Views: 6.0ms | ActiveRecord: 0.0ms)


Started GET "/book_transactions/new" for ::1 at 2015-09-22 23:26:37 -0400
Processing by BookTransactionsController#new as HTML
  Rendered book_transactions/_form.html.erb (25.0ms)
  Rendered book_transactions/new.html.erb within layouts/application (29.7ms)
Completed 200 OK in 35ms (Views: 34.2ms | ActiveRecord: 0.0ms)


Started POST "/book_transactions" for ::1 at 2015-09-22 23:27:55 -0400
  [1m[36mActiveRecord::SchemaMigration Load (0.0ms)[0m  [1mSELECT "schema_migrations".* FROM "schema_migrations"[0m
Processing by BookTransactionsController#create as HTML
  Parameters: {"utf8"=>"✓", "authenticity_token"=>"8Q5RUgOFrzyV555d1tTjPx1osiMkFesn+bHNfyMIx4CInZWnSBNA9woLRGq3hURxKpq3jVjVaTkwRnAxqQPiSg==", "book_transaction"=>{"isbn"=>"", "name"=>"", "member"=>""}, "commit"=>"Create Book transaction"}
  [1m[35m (0.0ms)[0m  begin transaction
  [1m[36mSQL (0.0ms)[0m  [1mINSERT INTO "book_transactions" ("name", "member", "created_at", "updated_at") VALUES (?, ?, ?, ?)[0m  [["name", ""], ["member", ""], ["created_at", "2015-09-23 03:27:55.935159"], ["updated_at", "2015-09-23 03:27:55.935159"]]
  [1m[35m (128.3ms)[0m  commit transaction
Redirected to http://localhost:3000/book_transactions/2
Completed 302 Found in 137ms (ActiveRecord: 128.3ms)


Started GET "/book_transactions/2" for ::1 at 2015-09-22 23:27:56 -0400
Processing by BookTransactionsController#show as HTML
  Parameters: {"id"=>"2"}
  [1m[36mBookTransaction Load (0.0ms)[0m  [1mSELECT  "book_transactions".* FROM "book_transactions" WHERE "book_transactions"."id" = ? LIMIT 1[0m  [["id", 2]]
  Rendered book_transactions/show.html.erb within layouts/application (1.0ms)
Completed 200 OK in 7ms (Views: 5.0ms | ActiveRecord: 0.0ms)


Started GET "/book_transactions" for ::1 at 2015-09-22 23:27:59 -0400
Processing by BookTransactionsController#index as HTML
  [1m[35mBookTransaction Load (0.0ms)[0m  SELECT "book_transactions".* FROM "book_transactions"
  Rendered book_transactions/index.html.erb within layouts/application (2.0ms)
Completed 200 OK in 8ms (Views: 7.0ms | ActiveRecord: 0.0ms)


Started GET "/book_transactions/2" for ::1 at 2015-09-22 23:28:02 -0400
Processing by BookTransactionsController#show as HTML
  Parameters: {"id"=>"2"}
  [1m[36mBookTransaction Load (0.0ms)[0m  [1mSELECT  "book_transactions".* FROM "book_transactions" WHERE "book_transactions"."id" = ? LIMIT 1[0m  [["id", 2]]
  Rendered book_transactions/show.html.erb within layouts/application (0.0ms)
Completed 200 OK in 6ms (Views: 4.0ms | ActiveRecord: 0.0ms)


Started GET "/book_transactions/2/edit" for ::1 at 2015-09-22 23:28:05 -0400
Processing by BookTransactionsController#edit as HTML
  Parameters: {"id"=>"2"}
  [1m[35mBookTransaction Load (0.0ms)[0m  SELECT  "book_transactions".* FROM "book_transactions" WHERE "book_transactions"."id" = ? LIMIT 1  [["id", 2]]
  Rendered book_transactions/_form.html.erb (2.0ms)
  Rendered book_transactions/edit.html.erb within layouts/application (4.0ms)
Completed 200 OK in 10ms (Views: 7.6ms | ActiveRecord: 0.0ms)


Started GET "/book_transactions" for ::1 at 2015-09-22 23:28:09 -0400
Processing by BookTransactionsController#index as HTML
  [1m[36mBookTransaction Load (0.0ms)[0m  [1mSELECT "book_transactions".* FROM "book_transactions"[0m
  Rendered book_transactions/index.html.erb within layouts/application (3.7ms)
Completed 200 OK in 8ms (Views: 7.7ms | ActiveRecord: 0.0ms)


Started GET "/book_transactions/1" for ::1 at 2015-09-22 23:28:11 -0400
Processing by BookTransactionsController#show as HTML
  Parameters: {"id"=>"1"}
  [1m[35mBookTransaction Load (0.0ms)[0m  SELECT  "book_transactions".* FROM "book_transactions" WHERE "book_transactions"."id" = ? LIMIT 1  [["id", 1]]
  Rendered book_transactions/show.html.erb within layouts/application (0.0ms)
Completed 200 OK in 6ms (Views: 4.2ms | ActiveRecord: 0.0ms)


Started GET "/book_transactions" for ::1 at 2015-09-22 23:28:15 -0400
Processing by BookTransactionsController#index as HTML
  [1m[36mBookTransaction Load (1.0ms)[0m  [1mSELECT "book_transactions".* FROM "book_transactions"[0m
  Rendered book_transactions/index.html.erb within layouts/application (3.0ms)
Completed 200 OK in 7ms (Views: 6.0ms | ActiveRecord: 1.0ms)


Started GET "/book_transactions/new" for ::1 at 2015-09-22 23:28:16 -0400
Processing by BookTransactionsController#new as HTML
  Rendered book_transactions/_form.html.erb (2.0ms)
  Rendered book_transactions/new.html.erb within layouts/application (4.0ms)
Completed 200 OK in 8ms (Views: 7.5ms | ActiveRecord: 0.0ms)


Started GET "/book_transactions" for ::1 at 2015-09-22 23:28:18 -0400
Processing by BookTransactionsController#index as HTML
  [1m[35mBookTransaction Load (0.0ms)[0m  SELECT "book_transactions".* FROM "book_transactions"
  Rendered book_transactions/index.html.erb within layouts/application (3.0ms)
Completed 200 OK in 7ms (Views: 6.0ms | ActiveRecord: 0.0ms)


Started GET "/book_transactions/2/edit" for ::1 at 2015-09-22 23:28:20 -0400
Processing by BookTransactionsController#edit as HTML
  Parameters: {"id"=>"2"}
  [1m[36mBookTransaction Load (0.0ms)[0m  [1mSELECT  "book_transactions".* FROM "book_transactions" WHERE "book_transactions"."id" = ? LIMIT 1[0m  [["id", 2]]
  Rendered book_transactions/_form.html.erb (2.0ms)
  Rendered book_transactions/edit.html.erb within layouts/application (3.0ms)
Completed 200 OK in 9ms (Views: 7.0ms | ActiveRecord: 0.0ms)


Started GET "/book_transactions" for ::1 at 2015-09-22 23:28:22 -0400
Processing by BookTransactionsController#index as HTML
  [1m[35mBookTransaction Load (1.0ms)[0m  SELECT "book_transactions".* FROM "book_transactions"
  Rendered book_transactions/index.html.erb within layouts/application (3.5ms)
Completed 200 OK in 7ms (Views: 5.9ms | ActiveRecord: 1.0ms)


Started GET "/book_transactions/1" for ::1 at 2015-09-23 00:08:39 -0400
Processing by BookTransactionsController#show as HTML
  Parameters: {"id"=>"1"}
Completed 500 Internal Server Error in 3ms (ActiveRecord: 0.0ms)

SyntaxError (C:/RP/LibSys/app/models/book_transaction.rb:2: Can't assign to nil
  validates :name, nil = false
                        ^):
  app/models/book_transaction.rb:2: Can't assign to nil
  app/controllers/book_transactions_controller.rb:67:in `set_book_transaction'


  Rendered C:/Ruby21-x64/lib/ruby/gems/2.1.0/gems/actionpack-4.2.4/lib/action_dispatch/middleware/templates/rescues/_source.erb (1.0ms)
  Rendered C:/Ruby21-x64/lib/ruby/gems/2.1.0/gems/actionpack-4.2.4/lib/action_dispatch/middleware/templates/rescues/_trace.html.erb (5.0ms)
  Rendered C:/Ruby21-x64/lib/ruby/gems/2.1.0/gems/actionpack-4.2.4/lib/action_dispatch/middleware/templates/rescues/_request_and_response.html.erb (2.0ms)
  Rendered C:/Ruby21-x64/lib/ruby/gems/2.1.0/gems/actionpack-4.2.4/lib/action_dispatch/middleware/templates/rescues/diagnostics.html.erb within rescues/layout (31.0ms)
  Rendered C:/Ruby21-x64/lib/ruby/gems/2.1.0/gems/web-console-2.2.1/lib/web_console/templates/_markup.html.erb (0.0ms)
  Rendered C:/Ruby21-x64/lib/ruby/gems/2.1.0/gems/web-console-2.2.1/lib/web_console/templates/_inner_console_markup.html.erb within layouts/inlined_string (0.0ms)
  Rendered C:/Ruby21-x64/lib/ruby/gems/2.1.0/gems/web-console-2.2.1/lib/web_console/templates/_prompt_box_markup.html.erb within layouts/inlined_string (1.0ms)
  Rendered C:/Ruby21-x64/lib/ruby/gems/2.1.0/gems/web-console-2.2.1/lib/web_console/templates/style.css.erb within layouts/inlined_string (1.0ms)
  Rendered C:/Ruby21-x64/lib/ruby/gems/2.1.0/gems/web-console-2.2.1/lib/web_console/templates/console.js.erb within layouts/javascript (25.0ms)
  Rendered C:/Ruby21-x64/lib/ruby/gems/2.1.0/gems/web-console-2.2.1/lib/web_console/templates/main.js.erb within layouts/javascript (0.0ms)
  Rendered C:/Ruby21-x64/lib/ruby/gems/2.1.0/gems/web-console-2.2.1/lib/web_console/templates/error_page.js.erb within layouts/javascript (0.0ms)
  Rendered C:/Ruby21-x64/lib/ruby/gems/2.1.0/gems/web-console-2.2.1/lib/web_console/templates/index.html.erb (52.4ms)


Started GET "/book_transactions/1" for ::1 at 2015-09-23 00:09:09 -0400
Processing by BookTransactionsController#show as HTML
  Parameters: {"id"=>"1"}
Completed 500 Internal Server Error in 43ms (ActiveRecord: 0.0ms)

SyntaxError (C:/RP/LibSys/app/models/book_transaction.rb:2: syntax error, unexpected keyword_not, expecting keyword_do or '{' or '('
  validates :name, should not null
                             ^):
  app/models/book_transaction.rb:2: syntax error, unexpected keyword_not, expecting keyword_do or '{' or '('
  app/controllers/book_transactions_controller.rb:67:in `set_book_transaction'


  Rendered C:/Ruby21-x64/lib/ruby/gems/2.1.0/gems/actionpack-4.2.4/lib/action_dispatch/middleware/templates/rescues/_source.erb (0.0ms)
  Rendered C:/Ruby21-x64/lib/ruby/gems/2.1.0/gems/actionpack-4.2.4/lib/action_dispatch/middleware/templates/rescues/_trace.html.erb (2.0ms)
  Rendered C:/Ruby21-x64/lib/ruby/gems/2.1.0/gems/actionpack-4.2.4/lib/action_dispatch/middleware/templates/rescues/_request_and_response.html.erb (1.0ms)
  Rendered C:/Ruby21-x64/lib/ruby/gems/2.1.0/gems/actionpack-4.2.4/lib/action_dispatch/middleware/templates/rescues/diagnostics.html.erb within rescues/layout (23.3ms)
  Rendered C:/Ruby21-x64/lib/ruby/gems/2.1.0/gems/web-console-2.2.1/lib/web_console/templates/_markup.html.erb (0.0ms)
  Rendered C:/Ruby21-x64/lib/ruby/gems/2.1.0/gems/web-console-2.2.1/lib/web_console/templates/_inner_console_markup.html.erb within layouts/inlined_string (1.0ms)
  Rendered C:/Ruby21-x64/lib/ruby/gems/2.1.0/gems/web-console-2.2.1/lib/web_console/templates/_prompt_box_markup.html.erb within layouts/inlined_string (1.0ms)
  Rendered C:/Ruby21-x64/lib/ruby/gems/2.1.0/gems/web-console-2.2.1/lib/web_console/templates/style.css.erb within layouts/inlined_string (1.0ms)
  Rendered C:/Ruby21-x64/lib/ruby/gems/2.1.0/gems/web-console-2.2.1/lib/web_console/templates/console.js.erb within layouts/javascript (23.3ms)
  Rendered C:/Ruby21-x64/lib/ruby/gems/2.1.0/gems/web-console-2.2.1/lib/web_console/templates/main.js.erb within layouts/javascript (1.0ms)
  Rendered C:/Ruby21-x64/lib/ruby/gems/2.1.0/gems/web-console-2.2.1/lib/web_console/templates/error_page.js.erb within layouts/javascript (0.0ms)
  Rendered C:/Ruby21-x64/lib/ruby/gems/2.1.0/gems/web-console-2.2.1/lib/web_console/templates/index.html.erb (52.3ms)


Started GET "/book_transactions/1" for ::1 at 2015-09-23 00:09:33 -0400
Processing by BookTransactionsController#show as HTML
  Parameters: {"id"=>"1"}
Completed 500 Internal Server Error in 4ms (ActiveRecord: 0.0ms)

ArgumentError (You need to supply at least one validation):
  app/models/book_transaction.rb:2:in `<class:BookTransaction>'
  app/models/book_transaction.rb:1:in `<top (required)>'
  app/controllers/book_transactions_controller.rb:67:in `set_book_transaction'


  Rendered C:/Ruby21-x64/lib/ruby/gems/2.1.0/gems/actionpack-4.2.4/lib/action_dispatch/middleware/templates/rescues/_source.erb (1.0ms)
  Rendered C:/Ruby21-x64/lib/ruby/gems/2.1.0/gems/actionpack-4.2.4/lib/action_dispatch/middleware/templates/rescues/_trace.html.erb (10.0ms)
  Rendered C:/Ruby21-x64/lib/ruby/gems/2.1.0/gems/actionpack-4.2.4/lib/action_dispatch/middleware/templates/rescues/_request_and_response.html.erb (0.0ms)
  Rendered C:/Ruby21-x64/lib/ruby/gems/2.1.0/gems/actionpack-4.2.4/lib/action_dispatch/middleware/templates/rescues/diagnostics.html.erb within rescues/layout (34.0ms)
  Rendered C:/Ruby21-x64/lib/ruby/gems/2.1.0/gems/web-console-2.2.1/lib/web_console/templates/_markup.html.erb (0.0ms)
  Rendered C:/Ruby21-x64/lib/ruby/gems/2.1.0/gems/web-console-2.2.1/lib/web_console/templates/_inner_console_markup.html.erb within layouts/inlined_string (0.0ms)
  Rendered C:/Ruby21-x64/lib/ruby/gems/2.1.0/gems/web-console-2.2.1/lib/web_console/templates/_prompt_box_markup.html.erb within layouts/inlined_string (1.0ms)
  Rendered C:/Ruby21-x64/lib/ruby/gems/2.1.0/gems/web-console-2.2.1/lib/web_console/templates/style.css.erb within layouts/inlined_string (1.0ms)
  Rendered C:/Ruby21-x64/lib/ruby/gems/2.1.0/gems/web-console-2.2.1/lib/web_console/templates/console.js.erb within layouts/javascript (24.0ms)
  Rendered C:/Ruby21-x64/lib/ruby/gems/2.1.0/gems/web-console-2.2.1/lib/web_console/templates/main.js.erb within layouts/javascript (1.0ms)
  Rendered C:/Ruby21-x64/lib/ruby/gems/2.1.0/gems/web-console-2.2.1/lib/web_console/templates/error_page.js.erb within layouts/javascript (0.0ms)
  Rendered C:/Ruby21-x64/lib/ruby/gems/2.1.0/gems/web-console-2.2.1/lib/web_console/templates/index.html.erb (52.9ms)


Started GET "/book_transactions/1" for ::1 at 2015-09-23 00:10:14 -0400
Processing by BookTransactionsController#show as HTML
  Parameters: {"id"=>"1"}
  [1m[36mBookTransaction Load (0.0ms)[0m  [1mSELECT  "book_transactions".* FROM "book_transactions" WHERE "book_transactions"."id" = ? LIMIT 1[0m  [["id", 1]]
  Rendered book_transactions/show.html.erb within layouts/application (1.0ms)
Completed 200 OK in 15ms (Views: 4.5ms | ActiveRecord: 1.0ms)


Started GET "/book_transactions" for ::1 at 2015-09-23 00:10:17 -0400
Processing by BookTransactionsController#index as HTML
  [1m[35mBookTransaction Load (0.0ms)[0m  SELECT "book_transactions".* FROM "book_transactions"
  Rendered book_transactions/index.html.erb within layouts/application (4.0ms)
Completed 200 OK in 8ms (Views: 6.0ms | ActiveRecord: 0.0ms)


Started GET "/book_transactions/new" for ::1 at 2015-09-23 00:10:20 -0400
Processing by BookTransactionsController#new as HTML
  Rendered book_transactions/_form.html.erb (2.0ms)
  Rendered book_transactions/new.html.erb within layouts/application (3.4ms)
Completed 200 OK in 6ms (Views: 6.4ms | ActiveRecord: 0.0ms)


Started POST "/book_transactions" for ::1 at 2015-09-23 00:10:31 -0400
Processing by BookTransactionsController#create as HTML
  Parameters: {"utf8"=>"✓", "authenticity_token"=>"beerY143yvdfUkmuZ6M0AXG9/MO6HUfafE2sWGYCnyQUdG+WFaElPMC+k5kG8pNPRk/5bcbdxcS1uhEW7Am67g==", "book_transaction"=>{"isbn"=>"", "name"=>"fdsfdskfkjhkdsjfhldshl ejlf lkfjlk hflkdfl dslkfdsklflkdsfkljdslkfjdskljflkdsjfljdsljfldsjflk jdslkfjjdslkjflkdsjflkdsj lffjdslkfj dslkjfkldsj flkdsj", "member"=>""}, "commit"=>"Create Book transaction"}
  [1m[36m (0.0ms)[0m  [1mbegin transaction[0m
  [1m[35m (0.0ms)[0m  rollback transaction
  Rendered book_transactions/_form.html.erb (2.0ms)
  Rendered book_transactions/new.html.erb within layouts/application (4.0ms)
Completed 200 OK in 14ms (Views: 7.0ms | ActiveRecord: 0.0ms)


Started POST "/book_transactions" for ::1 at 2015-09-23 00:10:46 -0400
Processing by BookTransactionsController#create as HTML
  Parameters: {"utf8"=>"✓", "authenticity_token"=>"0Rc/HCrnK+OJcfT0ekwM9BVFgXr1y0WHK8u7MzLCZzqohPvpYXHEKBadLsMbHau6IreE1IkLx5niPAZ9uMlC8A==", "book_transaction"=>{"isbn"=>"", "name"=>"fdsfdskfkjhkdsjfhldshl ejlf lkfjlk hflkdfl dslkfdsklflkdsfkljdslkfjdskljflkdsjfljdsljfldsjflk jdslkfjjdslkjflkdsjflkdsj lffjdslkfj dslkjfkldsj flkdsj", "member"=>""}, "commit"=>"Create Book transaction"}
  [1m[36m (0.0ms)[0m  [1mbegin transaction[0m
  [1m[35m (0.0ms)[0m  rollback transaction
  Rendered book_transactions/_form.html.erb (2.0ms)
  Rendered book_transactions/new.html.erb within layouts/application (4.0ms)
Completed 200 OK in 23ms (Views: 8.0ms | ActiveRecord: 0.0ms)


Started GET "/book_transactions" for ::1 at 2015-09-23 00:23:26 -0400
Processing by BookTransactionsController#index as HTML
  [1m[36mBookTransaction Load (0.0ms)[0m  [1mSELECT "book_transactions".* FROM "book_transactions"[0m
  Rendered book_transactions/index.html.erb within layouts/application (9.0ms)
Completed 200 OK in 30ms (Views: 24.0ms | ActiveRecord: 2.0ms)


Started GET "/" for ::1 at 2015-09-23 00:23:33 -0400
Processing by WelcomeController#index as HTML
  Rendered welcome/index.html.erb within layouts/application (2.0ms)
Completed 200 OK in 8ms (Views: 7.0ms | ActiveRecord: 0.0ms)


Started GET "/login" for ::1 at 2015-09-23 00:23:36 -0400
Processing by SessionsController#new as HTML
  Rendered sessions/new.html.erb within layouts/application (6.0ms)
Completed 200 OK in 11ms (Views: 10.0ms | ActiveRecord: 0.0ms)


Started GET "/signup" for ::1 at 2015-09-23 00:23:41 -0400
Processing by MembersController#signup as HTML
Completed 500 Internal Server Error in 5ms (ActiveRecord: 0.0ms)

NoMethodError (undefined method `many' for #<Class:0x000000089476b0>):
  app/models/member.rb:2:in `<class:Member>'
  app/models/member.rb:1:in `<top (required)>'
  app/controllers/members_controller.rb:8:in `signup'


  Rendered C:/Ruby21-x64/lib/ruby/gems/2.1.0/gems/actionpack-4.2.4/lib/action_dispatch/middleware/templates/rescues/_source.erb (1.0ms)
  Rendered C:/Ruby21-x64/lib/ruby/gems/2.1.0/gems/actionpack-4.2.4/lib/action_dispatch/middleware/templates/rescues/_trace.html.erb (3.0ms)
  Rendered C:/Ruby21-x64/lib/ruby/gems/2.1.0/gems/actionpack-4.2.4/lib/action_dispatch/middleware/templates/rescues/_request_and_response.html.erb (1.0ms)
  Rendered C:/Ruby21-x64/lib/ruby/gems/2.1.0/gems/actionpack-4.2.4/lib/action_dispatch/middleware/templates/rescues/diagnostics.html.erb within rescues/layout (28.0ms)
  Rendered C:/Ruby21-x64/lib/ruby/gems/2.1.0/gems/web-console-2.2.1/lib/web_console/templates/_markup.html.erb (0.0ms)
  Rendered C:/Ruby21-x64/lib/ruby/gems/2.1.0/gems/web-console-2.2.1/lib/web_console/templates/_inner_console_markup.html.erb within layouts/inlined_string (0.0ms)
  Rendered C:/Ruby21-x64/lib/ruby/gems/2.1.0/gems/web-console-2.2.1/lib/web_console/templates/_prompt_box_markup.html.erb within layouts/inlined_string (0.0ms)
  Rendered C:/Ruby21-x64/lib/ruby/gems/2.1.0/gems/web-console-2.2.1/lib/web_console/templates/style.css.erb within layouts/inlined_string (0.0ms)
  Rendered C:/Ruby21-x64/lib/ruby/gems/2.1.0/gems/web-console-2.2.1/lib/web_console/templates/console.js.erb within layouts/javascript (28.0ms)
  Rendered C:/Ruby21-x64/lib/ruby/gems/2.1.0/gems/web-console-2.2.1/lib/web_console/templates/main.js.erb within layouts/javascript (2.0ms)
  Rendered C:/Ruby21-x64/lib/ruby/gems/2.1.0/gems/web-console-2.2.1/lib/web_console/templates/error_page.js.erb within layouts/javascript (1.0ms)
  Rendered C:/Ruby21-x64/lib/ruby/gems/2.1.0/gems/web-console-2.2.1/lib/web_console/templates/index.html.erb (66.0ms)


Started GET "/signup" for ::1 at 2015-09-23 00:23:49 -0400
Processing by MembersController#signup as HTML
Completed 500 Internal Server Error in 4ms (ActiveRecord: 0.0ms)

NoMethodError (undefined method `many' for #<Class:0x0000000425b490>):
  app/models/member.rb:2:in `<class:Member>'
  app/models/member.rb:1:in `<top (required)>'
  app/controllers/members_controller.rb:8:in `signup'


  Rendered C:/Ruby21-x64/lib/ruby/gems/2.1.0/gems/actionpack-4.2.4/lib/action_dispatch/middleware/templates/rescues/_source.erb (1.0ms)
  Rendered C:/Ruby21-x64/lib/ruby/gems/2.1.0/gems/actionpack-4.2.4/lib/action_dispatch/middleware/templates/rescues/_trace.html.erb (4.0ms)
  Rendered C:/Ruby21-x64/lib/ruby/gems/2.1.0/gems/actionpack-4.2.4/lib/action_dispatch/middleware/templates/rescues/_request_and_response.html.erb (0.0ms)
  Rendered C:/Ruby21-x64/lib/ruby/gems/2.1.0/gems/actionpack-4.2.4/lib/action_dispatch/middleware/templates/rescues/diagnostics.html.erb within rescues/layout (27.4ms)
  Rendered C:/Ruby21-x64/lib/ruby/gems/2.1.0/gems/web-console-2.2.1/lib/web_console/templates/_markup.html.erb (0.0ms)
  Rendered C:/Ruby21-x64/lib/ruby/gems/2.1.0/gems/web-console-2.2.1/lib/web_console/templates/_inner_console_markup.html.erb within layouts/inlined_string (0.0ms)
  Rendered C:/Ruby21-x64/lib/ruby/gems/2.1.0/gems/web-console-2.2.1/lib/web_console/templates/_prompt_box_markup.html.erb within layouts/inlined_string (0.0ms)
  Rendered C:/Ruby21-x64/lib/ruby/gems/2.1.0/gems/web-console-2.2.1/lib/web_console/templates/style.css.erb within layouts/inlined_string (1.0ms)
  Rendered C:/Ruby21-x64/lib/ruby/gems/2.1.0/gems/web-console-2.2.1/lib/web_console/templates/console.js.erb within layouts/javascript (26.9ms)
  Rendered C:/Ruby21-x64/lib/ruby/gems/2.1.0/gems/web-console-2.2.1/lib/web_console/templates/main.js.erb within layouts/javascript (1.0ms)
  Rendered C:/Ruby21-x64/lib/ruby/gems/2.1.0/gems/web-console-2.2.1/lib/web_console/templates/error_page.js.erb within layouts/javascript (0.0ms)
  Rendered C:/Ruby21-x64/lib/ruby/gems/2.1.0/gems/web-console-2.2.1/lib/web_console/templates/index.html.erb (59.6ms)


Started GET "/signup" for ::1 at 2015-09-23 00:24:12 -0400
Processing by MembersController#signup as HTML
  Rendered members/_signup.html.erb (3.0ms)
  Rendered members/signup.html.erb within layouts/application (5.0ms)
Completed 200 OK in 82ms (Views: 9.0ms | ActiveRecord: 0.0ms)


Started GET "/" for ::1 at 2015-09-23 00:24:16 -0400
Processing by WelcomeController#index as HTML
  Rendered welcome/index.html.erb within layouts/application (0.0ms)
Completed 200 OK in 6ms (Views: 5.0ms | ActiveRecord: 0.0ms)


Started GET "/login" for ::1 at 2015-09-23 00:24:17 -0400
Processing by SessionsController#new as HTML
  Rendered sessions/new.html.erb within layouts/application (1.0ms)
Completed 200 OK in 6ms (Views: 5.0ms | ActiveRecord: 0.0ms)


Started POST "/login" for ::1 at 2015-09-23 00:24:35 -0400
Processing by SessionsController#create as HTML
  Parameters: {"utf8"=>"✓", "authenticity_token"=>"mSeFOnedPvhxKQy8OEf6baeKAFGvDb1C+5/Wx+11ISzgtEHPPAvRM+7F1otZFl0jkHgF/9PNP1wyaGuJZ34E5g==", "session"=>{"email"=>"d@d.com", "password"=>"[FILTERED]"}, "commit"=>"Save Session"}
  [1m[35mMember Load (0.0ms)[0m  SELECT  "members".* FROM "members" WHERE "members"."email" = ? LIMIT 1  [["email", "d@d.com"]]
  Rendered sessions/new.html.erb within layouts/application (1.0ms)
Completed 200 OK in 9ms (Views: 5.0ms | ActiveRecord: 0.0ms)


Started GET "/signup" for ::1 at 2015-09-23 00:24:40 -0400
Processing by MembersController#signup as HTML
  Rendered members/_signup.html.erb (2.0ms)
  Rendered members/signup.html.erb within layouts/application (4.0ms)
Completed 200 OK in 9ms (Views: 7.0ms | ActiveRecord: 0.0ms)


Started POST "/members" for ::1 at 2015-09-23 00:24:50 -0400
Processing by MembersController#create as HTML
  Parameters: {"utf8"=>"✓", "authenticity_token"=>"yhsmuAHuSUW4LjFXnuPn0xyyH4eDEKAZ+569OUVz31mziOJNSnimjifC62D/skCdK0AaKf/QIgcyaQB3z3j6kw==", "member"=>{"name"=>"dh", "email"=>"d@d.com", "password"=>"[FILTERED]"}, "commit"=>"Create Member"}
  [1m[36m (0.0ms)[0m  [1mbegin transaction[0m
  [1m[35mSQL (1.0ms)[0m  INSERT INTO "members" ("name", "email", "password", "created_at", "updated_at") VALUES (?, ?, ?, ?, ?)  [["name", "dh"], ["email", "d@d.com"], ["password", "dd"], ["created_at", "2015-09-23 04:24:50.760352"], ["updated_at", "2015-09-23 04:24:50.760352"]]
  [1m[36m (127.7ms)[0m  [1mcommit transaction[0m
Redirected to http://localhost:3000/members/1
Completed 302 Found in 135ms (ActiveRecord: 128.7ms)


Started GET "/members/1" for ::1 at 2015-09-23 00:24:50 -0400
Processing by MembersController#show as HTML
  Parameters: {"id"=>"1"}
  [1m[35mMember Load (1.0ms)[0m  SELECT  "members".* FROM "members" WHERE "members"."id" = ? LIMIT 1  [["id", 1]]
  Rendered members/show.html.erb within layouts/application (1.0ms)
Completed 200 OK in 9ms (Views: 6.0ms | ActiveRecord: 1.0ms)


Started GET "/members" for ::1 at 2015-09-23 00:24:54 -0400
Processing by MembersController#index as HTML
  [1m[36mMember Load (0.0ms)[0m  [1mSELECT "members".* FROM "members"[0m
  Rendered members/index.html.erb within layouts/application (3.0ms)
Completed 200 OK in 10ms (Views: 8.0ms | ActiveRecord: 0.0ms)


Started GET "/members/new" for ::1 at 2015-09-23 00:24:58 -0400
Processing by MembersController#new as HTML
  Rendered members/new.html.erb within layouts/application (5.0ms)
Completed 500 Internal Server Error in 10ms (ActiveRecord: 0.0ms)

ActionView::Template::Error (Missing partial members/_form, application/_form with {:locale=>[:en], :formats=>[:html], :variants=>[], :handlers=>[:erb, :builder, :raw, :ruby, :coffee, :jbuilder]}. Searched in:
  * "C:/RP/LibSys/app/views"
  * "C:/Ruby21-x64/lib/ruby/gems/2.1.0/gems/devise-3.5.2/app/views"
):
    1: <h1>New Member</h1>
    2: 
    3: <%= render 'form' %>
    4: 
    5: <%= link_to 'Back', members_path %>
  app/views/members/new.html.erb:3:in `_app_views_members_new_html_erb___1394722487_69206300'


  Rendered C:/Ruby21-x64/lib/ruby/gems/2.1.0/gems/actionpack-4.2.4/lib/action_dispatch/middleware/templates/rescues/_source.erb (2.0ms)
  Rendered C:/Ruby21-x64/lib/ruby/gems/2.1.0/gems/actionpack-4.2.4/lib/action_dispatch/middleware/templates/rescues/_trace.html.erb (3.0ms)
  Rendered C:/Ruby21-x64/lib/ruby/gems/2.1.0/gems/actionpack-4.2.4/lib/action_dispatch/middleware/templates/rescues/_request_and_response.html.erb (1.0ms)
  Rendered C:/Ruby21-x64/lib/ruby/gems/2.1.0/gems/actionpack-4.2.4/lib/action_dispatch/middleware/templates/rescues/template_error.html.erb within rescues/layout (32.0ms)
  Rendered C:/Ruby21-x64/lib/ruby/gems/2.1.0/gems/web-console-2.2.1/lib/web_console/templates/_markup.html.erb (1.0ms)
  Rendered C:/Ruby21-x64/lib/ruby/gems/2.1.0/gems/web-console-2.2.1/lib/web_console/templates/_inner_console_markup.html.erb within layouts/inlined_string (0.0ms)
  Rendered C:/Ruby21-x64/lib/ruby/gems/2.1.0/gems/web-console-2.2.1/lib/web_console/templates/_prompt_box_markup.html.erb within layouts/inlined_string (0.0ms)
  Rendered C:/Ruby21-x64/lib/ruby/gems/2.1.0/gems/web-console-2.2.1/lib/web_console/templates/style.css.erb within layouts/inlined_string (0.0ms)
  Rendered C:/Ruby21-x64/lib/ruby/gems/2.1.0/gems/web-console-2.2.1/lib/web_console/templates/console.js.erb within layouts/javascript (30.0ms)
  Rendered C:/Ruby21-x64/lib/ruby/gems/2.1.0/gems/web-console-2.2.1/lib/web_console/templates/main.js.erb within layouts/javascript (1.0ms)
  Rendered C:/Ruby21-x64/lib/ruby/gems/2.1.0/gems/web-console-2.2.1/lib/web_console/templates/error_page.js.erb within layouts/javascript (1.0ms)
  Rendered C:/Ruby21-x64/lib/ruby/gems/2.1.0/gems/web-console-2.2.1/lib/web_console/templates/index.html.erb (63.2ms)
